  Error.cpp
  FST.cpp
D:\Desktop\Second Course\КПО\SE_Lab17&18\SE_lab17&18\SE_lab17\FST.cpp(62,17): warning C4267: инициализация: преобразование из "size_t" в "short"; возможна потеря данных
  GRB.cpp
  In.cpp
  IT.cpp
D:\Desktop\Second Course\КПО\SE_Lab17&18\SE_lab17&18\SE_lab17\IT.cpp(79,32): warning C4267: =: преобразование из "size_t" в "unsigned char"; возможна потеря данных
D:\Desktop\Second Course\КПО\SE_Lab17&18\SE_lab17&18\SE_lab17\IT.cpp(99,32): warning C4267: =: преобразование из "size_t" в "unsigned char"; возможна потеря данных
  LexAnalysis.cpp
D:\Desktop\Second Course\КПО\SE_Lab17&18\SE_lab17&18\SE_lab17\LexAnalysis.cpp(32,13): warning C4267: аргумент: преобразование из "size_t" в "int"; возможна потеря данных
D:\Desktop\Second Course\КПО\SE_Lab17&18\SE_lab17&18\SE_lab17\LexAnalysis.cpp(47,15): warning C4267: аргумент: преобразование из "size_t" в "int"; возможна потеря данных
D:\Desktop\Second Course\КПО\SE_Lab17&18\SE_lab17&18\SE_lab17\LexAnalysis.cpp(59,15): warning C4267: аргумент: преобразование из "size_t" в "int"; возможна потеря данных
D:\Desktop\Second Course\КПО\SE_Lab17&18\SE_lab17&18\SE_lab17\LexAnalysis.cpp(62,14): warning C4267: аргумент: преобразование из "size_t" в "int"; возможна потеря данных
D:\Desktop\Second Course\КПО\SE_Lab17&18\SE_lab17&18\SE_lab17\LexAnalysis.cpp(78,14): warning C4267: аргумент: преобразование из "size_t" в "int"; возможна потеря данных
D:\Desktop\Second Course\КПО\SE_Lab17&18\SE_lab17&18\SE_lab17\LexAnalysis.cpp(80,17): warning C4305: =: усечение из "int" в "char"
D:\Desktop\Second Course\КПО\SE_Lab17&18\SE_lab17&18\SE_lab17\LexAnalysis.cpp(80,17): warning C4309: =: усечение константного значения
  Log.cpp
  LT.cpp
  MFST.cpp
D:\Desktop\Second Course\КПО\SE_Lab17&18\SE_lab17&18\SE_lab17\MFST.cpp(236,66): warning C4267: =: преобразование из "size_t" в "short"; возможна потеря данных
  Out.cpp
  Parm.cpp
  SE_lab18.cpp
  Создание кода...
D:\Desktop\Second Course\КПО\SE_Lab17&18\SE_lab17&18\SE_lab17\LT.cpp(23): warning C4715: LT::LexTable::GetEntry: значение возвращается не при всех путях выполнения
D:\Desktop\Second Course\КПО\SE_Lab17&18\SE_lab17&18\SE_lab17\IT.cpp(160): warning C4715: IT::IdTable::GetEntry: значение возвращается не при всех путях выполнения
D:\Desktop\Second Course\КПО\SE_Lab17&18\SE_lab17&18\SE_lab17\IT.cpp(192): warning C4172: возвращение адреса локальной или временной переменной : buffer
FST.obj : error LNK2005: "struct GRB::Greibach GRB::greibach" (?greibach@GRB@@3UGreibach@1@A) уже определен в Error.obj
GRB.obj : error LNK2005: "struct GRB::Greibach GRB::greibach" (?greibach@GRB@@3UGreibach@1@A) уже определен в Error.obj
In.obj : error LNK2005: "struct GRB::Greibach GRB::greibach" (?greibach@GRB@@3UGreibach@1@A) уже определен в Error.obj
IT.obj : error LNK2005: "struct GRB::Greibach GRB::greibach" (?greibach@GRB@@3UGreibach@1@A) уже определен в Error.obj
LexAnalysis.obj : error LNK2005: "struct GRB::Greibach GRB::greibach" (?greibach@GRB@@3UGreibach@1@A) уже определен в Error.obj
Log.obj : error LNK2005: "struct GRB::Greibach GRB::greibach" (?greibach@GRB@@3UGreibach@1@A) уже определен в Error.obj
LT.obj : error LNK2005: "struct GRB::Greibach GRB::greibach" (?greibach@GRB@@3UGreibach@1@A) уже определен в Error.obj
MFST.obj : error LNK2005: "struct GRB::Greibach GRB::greibach" (?greibach@GRB@@3UGreibach@1@A) уже определен в Error.obj
Out.obj : error LNK2005: "struct GRB::Greibach GRB::greibach" (?greibach@GRB@@3UGreibach@1@A) уже определен в Error.obj
Parm.obj : error LNK2005: "struct GRB::Greibach GRB::greibach" (?greibach@GRB@@3UGreibach@1@A) уже определен в Error.obj
SE_lab18.obj : error LNK2005: "struct GRB::Greibach GRB::greibach" (?greibach@GRB@@3UGreibach@1@A) уже определен в Error.obj
D:\Desktop\Second Course\КПО\SE_Lab17&18\SE_lab17&18\x64\Debug\SE_lab17.exe : fatal error LNK1169: обнаружен многократно определенный символ - один или более
