d:\desktop\second course\кпо\se_lab17&18\se_lab17&18\se_lab17\debug\vc143.pdb
d:\desktop\second course\кпо\se_lab17&18\se_lab17&18\se_lab17\debug\vc143.idb
d:\desktop\second course\кпо\se_lab17&18\se_lab17&18\se_lab17\debug\se_lab18.obj
d:\desktop\second course\кпо\se_lab17&18\se_lab17&18\se_lab17\debug\parm.obj
d:\desktop\second course\кпо\se_lab17&18\se_lab17&18\se_lab17\debug\out.obj
d:\desktop\second course\кпо\se_lab17&18\se_lab17&18\se_lab17\debug\mfst.obj
d:\desktop\second course\кпо\se_lab17&18\se_lab17&18\se_lab17\debug\lt.obj
d:\desktop\second course\кпо\se_lab17&18\se_lab17&18\se_lab17\debug\log.obj
d:\desktop\second course\кпо\se_lab17&18\se_lab17&18\se_lab17\debug\lexanalysis.obj
d:\desktop\second course\кпо\se_lab17&18\se_lab17&18\se_lab17\debug\it.obj
d:\desktop\second course\кпо\se_lab17&18\se_lab17&18\se_lab17\debug\in.obj
d:\desktop\second course\кпо\se_lab17&18\se_lab17&18\se_lab17\debug\grb.obj
d:\desktop\second course\кпо\se_lab17&18\se_lab17&18\se_lab17\debug\fst.obj
d:\desktop\second course\кпо\se_lab17&18\se_lab17&18\se_lab17\debug\error.obj
d:\desktop\second course\кпо\se_lab17&18\se_lab17&18\debug\se_lab17.exe
d:\desktop\second course\кпо\se_lab17&18\se_lab17&18\se_lab17\debug\se_lab17.ilk
d:\desktop\second course\кпо\se_lab17&18\se_lab17&18\debug\se_lab17.pdb
d:\desktop\second course\кпо\se_lab17&18\se_lab17&18\se_lab17\debug\se_lab17.tlog\cl.command.1.tlog
d:\desktop\second course\кпо\se_lab17&18\se_lab17&18\se_lab17\debug\se_lab17.tlog\cl.items.tlog
d:\desktop\second course\кпо\se_lab17&18\se_lab17&18\se_lab17\debug\se_lab17.tlog\cl.read.1.tlog
d:\desktop\second course\кпо\se_lab17&18\se_lab17&18\se_lab17\debug\se_lab17.tlog\cl.write.1.tlog
d:\desktop\second course\кпо\se_lab17&18\se_lab17&18\se_lab17\debug\se_lab17.tlog\link.command.1.tlog
d:\desktop\second course\кпо\se_lab17&18\se_lab17&18\se_lab17\debug\se_lab17.tlog\link.read.1.tlog
d:\desktop\second course\кпо\se_lab17&18\se_lab17&18\se_lab17\debug\se_lab17.tlog\link.write.1.tlog
